This file contains any messages produced by compilers while
running configure, to aid debugging if configure makes a mistake.

It was created by titan configure 2.0.2, which was
generated by GNU Autoconf 2.69.  Invocation command line was

  $ ./configure --prefix=/usr/local/titan-2.0.2

## --------- ##
## Platform. ##
## --------- ##

hostname = akane
uname -m = x86_64
uname -r = 4.1.13-5-default
uname -s = Linux
uname -v = #1 SMP PREEMPT Thu Nov 26 16:35:17 UTC 2015 (49475c3)

/usr/bin/uname -p = x86_64
/bin/uname -X     = unknown

/bin/arch              = x86_64
/usr/bin/arch -k       = unknown
/usr/convex/getsysinfo = unknown
/usr/bin/hostinfo      = unknown
/bin/machine           = unknown
/usr/bin/oslevel       = unknown
/bin/universe          = unknown

PATH: /usr/local/mpich-3.2/bin
PATH: /home/ferrmi/bin
PATH: /usr/local/bin
PATH: /usr/bin
PATH: /bin
PATH: /usr/bin/X11
PATH: /usr/games
PATH: /usr/lib/mit/bin
PATH: /usr/lib/mit/sbin


## ----------- ##
## Core tests. ##
## ----------- ##

configure:2255: loading site script /usr/share/site/x86_64-unknown-linux-gnu
| #!/bin/sh
| # Site script for configure. It is resourced via $CONFIG_SITE environment varaible.
| 
| # If user did not specify libdir, guess the correct target:
| # Use lib64 for 64 bit bi-arch targets, keep the default for the rest.
| if test "$libdir" = '${exec_prefix}/lib' ; then
| 
| 	ac_config_site_64bit_host=NONE
| 
| 	case "$host" in
| 	"" )
| 		# User did not specify host target.
| 		# The native platform x86_64 is a bi-arch platform.
| 		# Try to detect cross-compilation to inferior architecture.
| 
| 		# We are trying to guess 32-bit target compilation. It's not as easy as
| 		# it sounds, as there is possible several intermediate combinations.
| 		ac_config_site_cross_to_32bit_host=NONE
| 
| 		# User defined -m32 in CFLAGS or CXXFLAGS or CC or CXX:
| 		# (It's sufficient for 32-bit, but alone may cause mis-behavior of some checks.)
| 		case "$CFLAGS $CXXFLAGS $CC $CXX" in
| 		*-m32*)
| 			ac_config_site_cross_to_32bit_host=YES
| 			;;
| 		esac
| 
| 		# Running with linux32:
| 		# (Changes detected platform, but not the toolchain target.)
| 		case "`/bin/uname -i`" in
| 		x86_64 | ppc64 | s390x )
| 			;;
| 		* )
| 			ac_config_site_cross_to_32bit_host=YES
| 			;;
| 		esac
| 
| 		if test "x$ac_config_site_cross_to_32bit_host" = xNONE; then
| 			ac_config_site_64bit_host=YES
| 		fi
| 
| 		;;
| 	*x86_64* | *ppc64* | *s390x* )
| 		ac_config_site_64bit_host=YES
| 		;;
| 	esac
| 
| 	if test "x$ac_config_site_64bit_host" = xYES; then
| 		libdir='${exec_prefix}/lib64'
| 	fi
| fi
| 
| # If user did not specify libexecdir, set the correct target:
| # Nor FHS nor openSUSE allow prefix/libexec. Let's default to prefix/lib.
| 
| if test "$libexecdir" = '${exec_prefix}/libexec' ; then
| 	libexecdir='${exec_prefix}/lib'
| fi
| 
| # Continue with the standard behavior of configure defined in AC_SITE_LOAD:
| if test "x$prefix" != xNONE; then
| 	ac_site_file1=$prefix/share/config.site
| 	ac_site_file2=$prefix/etc/config.site
| else
| 	ac_site_file1=$ac_default_prefix/share/config.site
| 	ac_site_file2=$ac_default_prefix/etc/config.site
| fi
| for ac_site_file in "$ac_site_file1" "$ac_site_file2"
| do
| 	test "x$ac_site_file" = xNONE && continue
| 	if test /dev/null != "$ac_site_file" && test -r "$ac_site_file"; then
| 		{ $as_echo "/usr/share/site/x86_64-unknown-linux-gnu:${as_lineno-$LINENO}: loading site script $ac_site_file" >&5
| $as_echo "/usr/share/site/x86_64-unknown-linux-gnu: loading site script $ac_site_file" >&6;}
| 		sed 's/^/| /' "$ac_site_file" >&5
| 		. "$ac_site_file" \
| 			|| { { $as_echo "/usr/share/site/x86_64-unknown-linux-gnu:${as_lineno-$LINENO}: error: in \`$ac_pwd':" >&5
| $as_echo "/usr/share/site/x86_64-unknown-linux-gnu: error: in \`$ac_pwd':" >&2;}
| as_fn_error $? "failed to load site script $ac_site_file
| See \`config.log' for more details" "$LINENO" 5; }
| 	fi
| done
configure:2396: checking for a BSD-compatible install
configure:2464: result: /usr/bin/install -c
configure:2475: checking whether build environment is sane
configure:2512: result: yes
configure:2537: checking for a thread-safe mkdir -p
configure:2576: result: /usr/bin/mkdir -p
configure:2589: checking for gawk
configure:2605: found /usr/bin/gawk
configure:2616: result: gawk
configure:2627: checking whether make sets $(MAKE)
configure:2649: result: yes
configure:2956: checking for C++ compiler version
configure:2965: /usr/local/mpich-3.2/bin/mpic++ --version >&5
g++ (SUSE Linux) 4.8.5
Copyright (C) 2015 Free Software Foundation, Inc.
This is free software; see the source for copying conditions.  There is NO
warranty; not even for MERCHANTABILITY or FITNESS FOR A PARTICULAR PURPOSE.

configure:2976: $? = 0
configure:2965: /usr/local/mpich-3.2/bin/mpic++ -v >&5
mpicxx for MPICH version 3.2
Using built-in specs.
COLLECT_GCC=g++
COLLECT_LTO_WRAPPER=/usr/lib64/gcc/x86_64-suse-linux/4.8/lto-wrapper
Target: x86_64-suse-linux
Configured with: ../configure --prefix=/usr --infodir=/usr/share/info --mandir=/usr/share/man --libdir=/usr/lib64 --libexecdir=/usr/lib64 --enable-languages=c,c++,objc,fortran,obj-c++,java,ada --enable-checking=release --with-gxx-include-dir=/usr/include/c++/4.8 --enable-ssp --disable-libssp --disable-plugin --with-bugurl=http://bugs.opensuse.org/ --with-pkgversion='SUSE Linux' --disable-libgcj --disable-libmudflap --with-slibdir=/lib64 --with-system-zlib --enable-__cxa_atexit --enable-libstdcxx-allocator=new --disable-libstdcxx-pch --enable-version-specific-runtime-libs --enable-linker-build-id --enable-linux-futex --program-suffix=-4.8 --without-system-libunwind --with-arch-32=i586 --with-tune=generic --build=x86_64-suse-linux --host=x86_64-suse-linux
Thread model: posix
gcc version 4.8.5 (SUSE Linux) 
configure:2976: $? = 0
configure:2965: /usr/local/mpich-3.2/bin/mpic++ -V >&5
g++: error: unrecognized command line option '-V'
configure:2976: $? = 1
configure:2965: /usr/local/mpich-3.2/bin/mpic++ -qversion >&5
g++: error: unrecognized command line option '-qversion'
configure:2976: $? = 1
configure:2996: checking whether the C++ compiler works
configure:3018: /usr/local/mpich-3.2/bin/mpic++ -I/usr/local/mpich-3.2/include -I/usr/local/hdf5-1.10.0-alpha0/include -lmpich -lhdf5  -L/usr/local/mpich-3.2/lib64 -L/usr/local/hdf5-1.10.0-alpha0/lib64 conftest.cpp  >&5
configure:3022: $? = 0
configure:3070: result: yes
configure:3073: checking for C++ compiler default output file name
configure:3075: result: a.out
configure:3081: checking for suffix of executables
configure:3088: /usr/local/mpich-3.2/bin/mpic++ -o conftest -I/usr/local/mpich-3.2/include -I/usr/local/hdf5-1.10.0-alpha0/include -lmpich -lhdf5  -L/usr/local/mpich-3.2/lib64 -L/usr/local/hdf5-1.10.0-alpha0/lib64 conftest.cpp  >&5
configure:3092: $? = 0
configure:3114: result: 
configure:3136: checking whether we are cross compiling
configure:3144: /usr/local/mpich-3.2/bin/mpic++ -o conftest -I/usr/local/mpich-3.2/include -I/usr/local/hdf5-1.10.0-alpha0/include -lmpich -lhdf5  -L/usr/local/mpich-3.2/lib64 -L/usr/local/hdf5-1.10.0-alpha0/lib64 conftest.cpp  >&5
configure:3148: $? = 0
configure:3155: ./conftest
configure:3159: $? = 0
configure:3174: result: no
configure:3179: checking for suffix of object files
configure:3201: /usr/local/mpich-3.2/bin/mpic++ -c -I/usr/local/mpich-3.2/include -I/usr/local/hdf5-1.10.0-alpha0/include -lmpich -lhdf5  conftest.cpp >&5
configure:3205: $? = 0
configure:3226: result: o
configure:3230: checking whether we are using the GNU C++ compiler
configure:3249: /usr/local/mpich-3.2/bin/mpic++ -c -I/usr/local/mpich-3.2/include -I/usr/local/hdf5-1.10.0-alpha0/include -lmpich -lhdf5  conftest.cpp >&5
configure:3249: $? = 0
configure:3258: result: yes
configure:3267: checking whether /usr/local/mpich-3.2/bin/mpic++ accepts -g
configure:3287: /usr/local/mpich-3.2/bin/mpic++ -c -g  conftest.cpp >&5
configure:3287: $? = 0
configure:3328: result: yes
configure:3362: checking for style of include used by make
configure:3390: result: GNU
configure:3415: checking dependency style of /usr/local/mpich-3.2/bin/mpic++
configure:3506: result: gcc3
configure:3569: checking for gcc
configure:3596: result: /usr/local/mpich-3.2/bin/mpicc
configure:3825: checking for C compiler version
configure:3834: /usr/local/mpich-3.2/bin/mpicc --version >&5
gcc (SUSE Linux) 4.8.5
Copyright (C) 2015 Free Software Foundation, Inc.
This is free software; see the source for copying conditions.  There is NO
warranty; not even for MERCHANTABILITY or FITNESS FOR A PARTICULAR PURPOSE.

configure:3845: $? = 0
configure:3834: /usr/local/mpich-3.2/bin/mpicc -v >&5
mpicc for MPICH version 3.2
Using built-in specs.
COLLECT_GCC=gcc
COLLECT_LTO_WRAPPER=/usr/lib64/gcc/x86_64-suse-linux/4.8/lto-wrapper
Target: x86_64-suse-linux
Configured with: ../configure --prefix=/usr --infodir=/usr/share/info --mandir=/usr/share/man --libdir=/usr/lib64 --libexecdir=/usr/lib64 --enable-languages=c,c++,objc,fortran,obj-c++,java,ada --enable-checking=release --with-gxx-include-dir=/usr/include/c++/4.8 --enable-ssp --disable-libssp --disable-plugin --with-bugurl=http://bugs.opensuse.org/ --with-pkgversion='SUSE Linux' --disable-libgcj --disable-libmudflap --with-slibdir=/lib64 --with-system-zlib --enable-__cxa_atexit --enable-libstdcxx-allocator=new --disable-libstdcxx-pch --enable-version-specific-runtime-libs --enable-linker-build-id --enable-linux-futex --program-suffix=-4.8 --without-system-libunwind --with-arch-32=i586 --with-tune=generic --build=x86_64-suse-linux --host=x86_64-suse-linux
Thread model: posix
gcc version 4.8.5 (SUSE Linux) 
configure:3845: $? = 0
configure:3834: /usr/local/mpich-3.2/bin/mpicc -V >&5
gcc: error: unrecognized command line option '-V'
configure:3845: $? = 1
configure:3834: /usr/local/mpich-3.2/bin/mpicc -qversion >&5
gcc: error: unrecognized command line option '-qversion'
configure:3845: $? = 1
configure:3849: checking whether we are using the GNU C compiler
configure:3868: /usr/local/mpich-3.2/bin/mpicc -c -I/usr/local/mpich-3.2/include -I/usr/local/hdf5-1.10.0-alpha0/include -lmpich -lhdf5  conftest.c >&5
configure:3868: $? = 0
configure:3877: result: yes
configure:3886: checking whether /usr/local/mpich-3.2/bin/mpicc accepts -g
configure:3906: /usr/local/mpich-3.2/bin/mpicc -c -g  conftest.c >&5
configure:3906: $? = 0
configure:3947: result: yes
configure:3964: checking for /usr/local/mpich-3.2/bin/mpicc option to accept ISO C89
configure:4027: /usr/local/mpich-3.2/bin/mpicc  -c -I/usr/local/mpich-3.2/include -I/usr/local/hdf5-1.10.0-alpha0/include -lmpich -lhdf5  conftest.c >&5
configure:4027: $? = 0
configure:4040: result: none needed
configure:4062: checking dependency style of /usr/local/mpich-3.2/bin/mpicc
configure:4153: result: gcc3
configure:4173: checking how to run the C preprocessor
configure:4204: /usr/local/mpich-3.2/bin/mpicc -E  conftest.c
configure:4204: $? = 0
configure:4218: /usr/local/mpich-3.2/bin/mpicc -E  conftest.c
conftest.c:11:28: fatal error: ac_nonexistent.h: No such file or directory
 #include <ac_nonexistent.h>
                            ^
compilation terminated.
configure:4218: $? = 1
configure: failed program was:
| /* confdefs.h */
| #define PACKAGE_NAME "titan"
| #define PACKAGE_TARNAME "titan"
| #define PACKAGE_VERSION "2.0.2"
| #define PACKAGE_STRING "titan 2.0.2"
| #define PACKAGE_BUGREPORT ""
| #define PACKAGE_URL ""
| #define PACKAGE "titan"
| #define VERSION "2.0.2"
| /* end confdefs.h.  */
| #include <ac_nonexistent.h>
configure:4243: result: /usr/local/mpich-3.2/bin/mpicc -E
configure:4263: /usr/local/mpich-3.2/bin/mpicc -E  conftest.c
configure:4263: $? = 0
configure:4277: /usr/local/mpich-3.2/bin/mpicc -E  conftest.c
conftest.c:11:28: fatal error: ac_nonexistent.h: No such file or directory
 #include <ac_nonexistent.h>
                            ^
compilation terminated.
configure:4277: $? = 1
configure: failed program was:
| /* confdefs.h */
| #define PACKAGE_NAME "titan"
| #define PACKAGE_TARNAME "titan"
| #define PACKAGE_VERSION "2.0.2"
| #define PACKAGE_STRING "titan 2.0.2"
| #define PACKAGE_BUGREPORT ""
| #define PACKAGE_URL ""
| #define PACKAGE "titan"
| #define VERSION "2.0.2"
| /* end confdefs.h.  */
| #include <ac_nonexistent.h>
configure:4306: checking whether ln -s works
configure:4310: result: yes
configure:4317: checking whether make sets $(MAKE)
configure:4339: result: yes
configure:4391: checking for ranlib
configure:4407: found /usr/bin/ranlib
configure:4418: result: ranlib
configure:4493: checking for g77
configure:4523: result: no
configure:4493: checking for xlf
configure:4523: result: no
configure:4493: checking for f77
configure:4523: result: no
configure:4493: checking for frt
configure:4523: result: no
configure:4493: checking for pgf77
configure:4523: result: no
configure:4493: checking for cf77
configure:4523: result: no
configure:4493: checking for fort77
configure:4523: result: no
configure:4493: checking for fl32
configure:4523: result: no
configure:4493: checking for af77
configure:4523: result: no
configure:4493: checking for xlf90
configure:4523: result: no
configure:4493: checking for f90
configure:4523: result: no
configure:4493: checking for pgf90
configure:4523: result: no
configure:4493: checking for pghpf
configure:4523: result: no
configure:4493: checking for epcf90
configure:4523: result: no
configure:4493: checking for gfortran
configure:4509: found /usr/bin/gfortran
configure:4520: result: gfortran
configure:4546: checking for Fortran 77 compiler version
configure:4555: gfortran --version >&5
GNU Fortran (SUSE Linux) 4.8.5
Copyright (C) 2015 Free Software Foundation, Inc.

GNU Fortran comes with NO WARRANTY, to the extent permitted by law.
You may redistribute copies of GNU Fortran
under the terms of the GNU General Public License.
For more information about these matters, see the file named COPYING

configure:4566: $? = 0
configure:4555: gfortran -v >&5
Using built-in specs.
COLLECT_GCC=gfortran
COLLECT_LTO_WRAPPER=/usr/lib64/gcc/x86_64-suse-linux/4.8/lto-wrapper
Target: x86_64-suse-linux
Configured with: ../configure --prefix=/usr --infodir=/usr/share/info --mandir=/usr/share/man --libdir=/usr/lib64 --libexecdir=/usr/lib64 --enable-languages=c,c++,objc,fortran,obj-c++,java,ada --enable-checking=release --with-gxx-include-dir=/usr/include/c++/4.8 --enable-ssp --disable-libssp --disable-plugin --with-bugurl=http://bugs.opensuse.org/ --with-pkgversion='SUSE Linux' --disable-libgcj --disable-libmudflap --with-slibdir=/lib64 --with-system-zlib --enable-__cxa_atexit --enable-libstdcxx-allocator=new --disable-libstdcxx-pch --enable-version-specific-runtime-libs --enable-linker-build-id --enable-linux-futex --program-suffix=-4.8 --without-system-libunwind --with-arch-32=i586 --with-tune=generic --build=x86_64-suse-linux --host=x86_64-suse-linux
Thread model: posix
gcc version 4.8.5 (SUSE Linux) 
configure:4566: $? = 0
configure:4555: gfortran -V >&5
gfortran: error: unrecognized command line option '-V'
gfortran: fatal error: no input files
compilation terminated.
configure:4566: $? = 1
configure:4555: gfortran -qversion >&5
gfortran: error: unrecognized command line option '-qversion'
gfortran: fatal error: no input files
compilation terminated.
configure:4566: $? = 1
configure:4575: checking whether we are using the GNU Fortran 77 compiler
configure:4588: gfortran -c  conftest.F >&5
configure:4588: $? = 0
configure:4597: result: yes
configure:4603: checking whether gfortran accepts -g
configure:4614: gfortran -c -g conftest.f >&5
configure:4614: $? = 0
configure:4622: result: yes
configure:4655: checking build system type
configure:4669: result: x86_64-unknown-linux-gnu
configure:4689: checking host system type
configure:4702: result: x86_64-unknown-linux-gnu
configure:4727: checking how to get verbose linking output from gfortran
configure:4737: gfortran -c -g -O2 conftest.f >&5
configure:4737: $? = 0
configure:4755: gfortran -o conftest -g -O2 -v -L/usr/local/mpich-3.2/lib64 -L/usr/local/hdf5-1.10.0-alpha0/lib64 conftest.f
Using built-in specs.
Target: x86_64-suse-linux
Thread model: posix
gcc version 4.8.5 (SUSE Linux) 
 /usr/lib64/gcc/x86_64-suse-linux/4.8/f951 conftest.f -ffixed-form -quiet -dumpbase conftest.f -mtune=generic -march=x86-64 -auxbase conftest -g -O2 -version -fintrinsic-modules-path /usr/lib64/gcc/x86_64-suse-linux/4.8/finclude -o /tmp/ccUBdPhD.s
GNU Fortran (SUSE Linux) version 4.8.5 (x86_64-suse-linux)
	compiled by GNU C version 4.8.5, GMP version 5.1.3, MPFR version 3.1.2, MPC version 1.0.2
GGC heuristics: --param ggc-min-expand=100 --param ggc-min-heapsize=131072
GNU Fortran (SUSE Linux) version 4.8.5 (x86_64-suse-linux)
	compiled by GNU C version 4.8.5, GMP version 5.1.3, MPFR version 3.1.2, MPC version 1.0.2
GGC heuristics: --param ggc-min-expand=100 --param ggc-min-heapsize=131072
 /usr/lib64/gcc/x86_64-suse-linux/4.8/../../../../x86_64-suse-linux/bin/as -v --64 -o /tmp/cc7gp9g2.o /tmp/ccUBdPhD.s
GNU assembler version 2.25.0 (x86_64-suse-linux) using BFD version (GNU Binutils; openSUSE Leap 42.1) 2.25.0
Reading specs from /usr/lib64/gcc/x86_64-suse-linux/4.8/libgfortran.spec
rename spec lib to liborig
 /usr/lib64/gcc/x86_64-suse-linux/4.8/collect2 --build-id --eh-frame-hdr -m elf_x86_64 -dynamic-linker /lib64/ld-linux-x86-64.so.2 -o conftest /usr/lib64/gcc/x86_64-suse-linux/4.8/../../../../lib64/crt1.o /usr/lib64/gcc/x86_64-suse-linux/4.8/../../../../lib64/crti.o /usr/lib64/gcc/x86_64-suse-linux/4.8/crtbegin.o -L/usr/local/mpich-3.2/lib64 -L/usr/local/hdf5-1.10.0-alpha0/lib64 -L/usr/lib64/gcc/x86_64-suse-linux/4.8 -L/usr/lib64/gcc/x86_64-suse-linux/4.8/../../../../lib64 -L/lib/../lib64 -L/usr/lib/../lib64 -L/usr/lib64/gcc/x86_64-suse-linux/4.8/../../../../x86_64-suse-linux/lib -L/usr/lib64/gcc/x86_64-suse-linux/4.8/../../.. /tmp/cc7gp9g2.o -lgfortran -lm -lgcc_s -lgcc -lquadmath -lm -lgcc_s -lgcc -lc -lgcc_s -lgcc /usr/lib64/gcc/x86_64-suse-linux/4.8/crtend.o /usr/lib64/gcc/x86_64-suse-linux/4.8/../../../../lib64/crtn.o
configure:4838: result: -v
configure:4840: checking for Fortran 77 libraries of gfortran
configure:4863: gfortran -o conftest -g -O2 -v -L/usr/local/mpich-3.2/lib64 -L/usr/local/hdf5-1.10.0-alpha0/lib64 conftest.f
Using built-in specs.
Target: x86_64-suse-linux
Thread model: posix
gcc version 4.8.5 (SUSE Linux) 
 /usr/lib64/gcc/x86_64-suse-linux/4.8/f951 conftest.f -ffixed-form -quiet -dumpbase conftest.f -mtune=generic -march=x86-64 -auxbase conftest -g -O2 -version -fintrinsic-modules-path /usr/lib64/gcc/x86_64-suse-linux/4.8/finclude -o /tmp/cc9VAMHF.s
GNU Fortran (SUSE Linux) version 4.8.5 (x86_64-suse-linux)
	compiled by GNU C version 4.8.5, GMP version 5.1.3, MPFR version 3.1.2, MPC version 1.0.2
GGC heuristics: --param ggc-min-expand=100 --param ggc-min-heapsize=131072
GNU Fortran (SUSE Linux) version 4.8.5 (x86_64-suse-linux)
	compiled by GNU C version 4.8.5, GMP version 5.1.3, MPFR version 3.1.2, MPC version 1.0.2
GGC heuristics: --param ggc-min-expand=100 --param ggc-min-heapsize=131072
 /usr/lib64/gcc/x86_64-suse-linux/4.8/../../../../x86_64-suse-linux/bin/as -v --64 -o /tmp/ccGdZIM4.o /tmp/cc9VAMHF.s
GNU assembler version 2.25.0 (x86_64-suse-linux) using BFD version (GNU Binutils; openSUSE Leap 42.1) 2.25.0
Reading specs from /usr/lib64/gcc/x86_64-suse-linux/4.8/libgfortran.spec
rename spec lib to liborig
 /usr/lib64/gcc/x86_64-suse-linux/4.8/collect2 --build-id --eh-frame-hdr -m elf_x86_64 -dynamic-linker /lib64/ld-linux-x86-64.so.2 -o conftest /usr/lib64/gcc/x86_64-suse-linux/4.8/../../../../lib64/crt1.o /usr/lib64/gcc/x86_64-suse-linux/4.8/../../../../lib64/crti.o /usr/lib64/gcc/x86_64-suse-linux/4.8/crtbegin.o -L/usr/local/mpich-3.2/lib64 -L/usr/local/hdf5-1.10.0-alpha0/lib64 -L/usr/lib64/gcc/x86_64-suse-linux/4.8 -L/usr/lib64/gcc/x86_64-suse-linux/4.8/../../../../lib64 -L/lib/../lib64 -L/usr/lib/../lib64 -L/usr/lib64/gcc/x86_64-suse-linux/4.8/../../../../x86_64-suse-linux/lib -L/usr/lib64/gcc/x86_64-suse-linux/4.8/../../.. /tmp/ccGdZIM4.o -lgfortran -lm -lgcc_s -lgcc -lquadmath -lm -lgcc_s -lgcc -lc -lgcc_s -lgcc /usr/lib64/gcc/x86_64-suse-linux/4.8/crtend.o /usr/lib64/gcc/x86_64-suse-linux/4.8/../../../../lib64/crtn.o
configure:5059: result:  -L/usr/local/mpich-3.2/lib64 -L/usr/local/hdf5-1.10.0-alpha0/lib64 -L/usr/lib64/gcc/x86_64-suse-linux/4.8 -L/usr/lib64/gcc/x86_64-suse-linux/4.8/../../../../lib64 -L/lib/../lib64 -L/usr/lib/../lib64 -L/usr/lib64/gcc/x86_64-suse-linux/4.8/../../../../x86_64-suse-linux/lib -L/usr/lib64/gcc/x86_64-suse-linux/4.8/../../.. -lgfortran -lm -lquadmath
configure:5078: checking for special C compiler options needed for large files
configure:5123: result: no
configure:5129: checking for _FILE_OFFSET_BITS value needed for large files
configure:5154: /usr/local/mpich-3.2/bin/mpic++ -c -I/usr/local/mpich-3.2/include -I/usr/local/hdf5-1.10.0-alpha0/include -lmpich -lhdf5  conftest.cpp >&5
configure:5154: $? = 0
configure:5186: result: no
configure:5322: checking for a Python interpreter with version >= 1.5
configure:5337: python -c import sys, string # split strings by '.' and convert to numeric. Append some zeros # because we need at least 4 digits for the hex conversion. minver = map(int, string.split('1.5', '.')) + [0, 0, 0] minverhex = 0 for i in xrange(0, 4): minverhex = (minverhex << 8) + minver[i] sys.exit(sys.hexversion < minverhex)
configure:5340: $? = 0
configure:5346: result: python
configure:5354: checking for python
configure:5372: found /usr/bin/python
configure:5384: result: /usr/bin/python
configure:5402: checking for python version
configure:5409: result: 2.7
configure:5421: checking for python platform
configure:5428: result: linux2
configure:5435: checking for python script directory
configure:5456: result: ${prefix}/lib/python2.7/site-packages
configure:5465: checking for python extension module directory
configure:5486: result: ${exec_prefix}/lib64/python2.7/site-packages
configure:5507: checking for pthread_create in -lpthread
configure:5532: /usr/local/mpich-3.2/bin/mpic++ -o conftest -I/usr/local/mpich-3.2/include -I/usr/local/hdf5-1.10.0-alpha0/include -lmpich -lhdf5 -w -g -O2 -DMPICH_IGNORE_CXX_SEEK  -L/usr/local/mpich-3.2/lib64 -L/usr/local/hdf5-1.10.0-alpha0/lib64 conftest.cpp -lpthread   >&5
configure:5532: $? = 0
configure:5541: result: yes
configure:5664: checking for MPI_Init in -lmpich
configure:5689: /usr/local/mpich-3.2/bin/mpic++ -o conftest -I/usr/local/mpich-3.2/include -I/usr/local/hdf5-1.10.0-alpha0/include -lmpich -lhdf5 -w -g -O2 -DMPICH_IGNORE_CXX_SEEK  -L/usr/local/mpich-3.2/lib64 -L/usr/local/hdf5-1.10.0-alpha0/lib64 conftest.cpp -lmpich  -lpthread  >&5
configure:5689: $? = 0
configure:5698: result: yes
configure:5780: checking for H5open in -lhdf5
configure:5805: /usr/local/mpich-3.2/bin/mpic++ -o conftest -I/usr/local/mpich-3.2/include -I/usr/local/hdf5-1.10.0-alpha0/include -lmpich -lhdf5 -w -g -O2 -DMPICH_IGNORE_CXX_SEEK  -I/include -D__HAVE_HDF5__   -I/include -DH5_USE_16_API -L/usr/local/mpich-3.2/lib64 -L/usr/local/hdf5-1.10.0-alpha0/lib64 -L/lib conftest.cpp -lhdf5  -lmpich -lpthread  >&5
configure:5805: $? = 0
configure:5814: result: yes
configure:5849: checking for G_gisinit in -lgis
configure:5874: /usr/local/mpich-3.2/bin/mpic++ -o conftest -I/usr/local/mpich-3.2/include -I/usr/local/hdf5-1.10.0-alpha0/include -lmpich -lhdf5 -w -g -O2 -DMPICH_IGNORE_CXX_SEEK  -I/include -D__HAVE_HDF5__   -I/include -DH5_USE_16_API -L/usr/local/mpich-3.2/lib64 -L/usr/local/hdf5-1.10.0-alpha0/lib64 -L/lib conftest.cpp -lgis  -lhdf5 -lmpich -lpthread  >&5
/usr/lib64/gcc/x86_64-suse-linux/4.8/../../../../x86_64-suse-linux/bin/ld: cannot find -lgis
collect2: error: ld returned 1 exit status
configure:5874: $? = 1
configure: failed program was:
| /* confdefs.h */
| #define PACKAGE_NAME "titan"
| #define PACKAGE_TARNAME "titan"
| #define PACKAGE_VERSION "2.0.2"
| #define PACKAGE_STRING "titan 2.0.2"
| #define PACKAGE_BUGREPORT ""
| #define PACKAGE_URL ""
| #define PACKAGE "titan"
| #define VERSION "2.0.2"
| #define HAVE_LIBPTHREAD 1
| #define HAVE_LIBMPICH 1
| #define HAVE_LIBHDF5 1
| /* end confdefs.h.  */
| 
| /* Override any GCC internal prototype to avoid an error.
|    Use char because int might match the return type of a GCC
|    builtin and then its argument prototype would still apply.  */
| #ifdef __cplusplus
| extern "C"
| #endif
| char G_gisinit ();
| int
| main ()
| {
| return G_gisinit ();
|   ;
|   return 0;
| }
configure:5883: result: no
configure:5897: checking for matherr in -lm
configure:5922: /usr/local/mpich-3.2/bin/mpic++ -o conftest -I/usr/local/mpich-3.2/include -I/usr/local/hdf5-1.10.0-alpha0/include -lmpich -lhdf5 -w -g -O2 -DMPICH_IGNORE_CXX_SEEK  -I/include -D__HAVE_HDF5__   -I/include -DH5_USE_16_API -L/usr/local/mpich-3.2/lib64 -L/usr/local/hdf5-1.10.0-alpha0/lib64 -L/lib conftest.cpp -lm  -lhdf5 -lmpich -lpthread  >&5
configure:5922: $? = 0
configure:5931: result: yes
configure:5942: checking for gzdopen in -lz
configure:5967: /usr/local/mpich-3.2/bin/mpic++ -o conftest -I/usr/local/mpich-3.2/include -I/usr/local/hdf5-1.10.0-alpha0/include -lmpich -lhdf5 -w -g -O2 -DMPICH_IGNORE_CXX_SEEK  -I/include -D__HAVE_HDF5__   -I/include -DH5_USE_16_API -L/usr/local/mpich-3.2/lib64 -L/usr/local/hdf5-1.10.0-alpha0/lib64 -L/lib conftest.cpp -lz  -lm -lhdf5 -lmpich -lpthread  >&5
configure:5967: $? = 0
configure:5976: result: yes
configure:5987: checking for inet_ntoa in -lnsl
configure:6012: /usr/local/mpich-3.2/bin/mpic++ -o conftest -I/usr/local/mpich-3.2/include -I/usr/local/hdf5-1.10.0-alpha0/include -lmpich -lhdf5 -w -g -O2 -DMPICH_IGNORE_CXX_SEEK  -I/include -D__HAVE_HDF5__   -I/include -DH5_USE_16_API -L/usr/local/mpich-3.2/lib64 -L/usr/local/hdf5-1.10.0-alpha0/lib64 -L/lib conftest.cpp -lnsl  -lz -lm -lhdf5 -lmpich -lpthread  >&5
configure:6012: $? = 0
configure:6021: result: yes
configure:6040: checking how to run the C++ preprocessor
configure:6067: /usr/local/mpich-3.2/bin/mpic++ -E   -I/include -DH5_USE_16_API conftest.cpp
configure:6067: $? = 0
configure:6081: /usr/local/mpich-3.2/bin/mpic++ -E   -I/include -DH5_USE_16_API conftest.cpp
conftest.cpp:17:28: fatal error: ac_nonexistent.h: No such file or directory
 #include <ac_nonexistent.h>
                            ^
compilation terminated.
configure:6081: $? = 1
configure: failed program was:
| /* confdefs.h */
| #define PACKAGE_NAME "titan"
| #define PACKAGE_TARNAME "titan"
| #define PACKAGE_VERSION "2.0.2"
| #define PACKAGE_STRING "titan 2.0.2"
| #define PACKAGE_BUGREPORT ""
| #define PACKAGE_URL ""
| #define PACKAGE "titan"
| #define VERSION "2.0.2"
| #define HAVE_LIBPTHREAD 1
| #define HAVE_LIBMPICH 1
| #define HAVE_LIBHDF5 1
| #define HAVE_LIBM 1
| #define HAVE_LIBZ 1
| #define HAVE_LIBNSL 1
| /* end confdefs.h.  */
| #include <ac_nonexistent.h>
configure:6106: result: /usr/local/mpich-3.2/bin/mpic++ -E
configure:6126: /usr/local/mpich-3.2/bin/mpic++ -E   -I/include -DH5_USE_16_API conftest.cpp
configure:6126: $? = 0
configure:6140: /usr/local/mpich-3.2/bin/mpic++ -E   -I/include -DH5_USE_16_API conftest.cpp
conftest.cpp:17:28: fatal error: ac_nonexistent.h: No such file or directory
 #include <ac_nonexistent.h>
                            ^
compilation terminated.
configure:6140: $? = 1
configure: failed program was:
| /* confdefs.h */
| #define PACKAGE_NAME "titan"
| #define PACKAGE_TARNAME "titan"
| #define PACKAGE_VERSION "2.0.2"
| #define PACKAGE_STRING "titan 2.0.2"
| #define PACKAGE_BUGREPORT ""
| #define PACKAGE_URL ""
| #define PACKAGE "titan"
| #define VERSION "2.0.2"
| #define HAVE_LIBPTHREAD 1
| #define HAVE_LIBMPICH 1
| #define HAVE_LIBHDF5 1
| #define HAVE_LIBM 1
| #define HAVE_LIBZ 1
| #define HAVE_LIBNSL 1
| /* end confdefs.h.  */
| #include <ac_nonexistent.h>
configure:6169: checking for grep that handles long lines and -e
configure:6227: result: /usr/bin/grep
configure:6232: checking for egrep
configure:6294: result: /usr/bin/grep -E
configure:6299: checking for ANSI C header files
configure:6319: /usr/local/mpich-3.2/bin/mpic++ -c -I/usr/local/mpich-3.2/include -I/usr/local/hdf5-1.10.0-alpha0/include -lmpich -lhdf5 -w -g -O2 -DMPICH_IGNORE_CXX_SEEK  -I/include -D__HAVE_HDF5__   -I/include -DH5_USE_16_API conftest.cpp >&5
configure:6319: $? = 0
configure:6392: /usr/local/mpich-3.2/bin/mpic++ -o conftest -I/usr/local/mpich-3.2/include -I/usr/local/hdf5-1.10.0-alpha0/include -lmpich -lhdf5 -w -g -O2 -DMPICH_IGNORE_CXX_SEEK  -I/include -D__HAVE_HDF5__   -I/include -DH5_USE_16_API -L/usr/local/mpich-3.2/lib64 -L/usr/local/hdf5-1.10.0-alpha0/lib64 -L/lib conftest.cpp -lnsl -lz -lm -lhdf5 -lmpich -lpthread  >&5
configure:6392: $? = 0
configure:6392: ./conftest
configure:6392: $? = 0
configure:6403: result: yes
configure:6416: checking for sys/types.h
configure:6416: /usr/local/mpich-3.2/bin/mpic++ -c -I/usr/local/mpich-3.2/include -I/usr/local/hdf5-1.10.0-alpha0/include -lmpich -lhdf5 -w -g -O2 -DMPICH_IGNORE_CXX_SEEK  -I/include -D__HAVE_HDF5__   -I/include -DH5_USE_16_API conftest.cpp >&5
configure:6416: $? = 0
configure:6416: result: yes
configure:6416: checking for sys/stat.h
configure:6416: /usr/local/mpich-3.2/bin/mpic++ -c -I/usr/local/mpich-3.2/include -I/usr/local/hdf5-1.10.0-alpha0/include -lmpich -lhdf5 -w -g -O2 -DMPICH_IGNORE_CXX_SEEK  -I/include -D__HAVE_HDF5__   -I/include -DH5_USE_16_API conftest.cpp >&5
configure:6416: $? = 0
configure:6416: result: yes
configure:6416: checking for stdlib.h
configure:6416: /usr/local/mpich-3.2/bin/mpic++ -c -I/usr/local/mpich-3.2/include -I/usr/local/hdf5-1.10.0-alpha0/include -lmpich -lhdf5 -w -g -O2 -DMPICH_IGNORE_CXX_SEEK  -I/include -D__HAVE_HDF5__   -I/include -DH5_USE_16_API conftest.cpp >&5
configure:6416: $? = 0
configure:6416: result: yes
configure:6416: checking for string.h
configure:6416: /usr/local/mpich-3.2/bin/mpic++ -c -I/usr/local/mpich-3.2/include -I/usr/local/hdf5-1.10.0-alpha0/include -lmpich -lhdf5 -w -g -O2 -DMPICH_IGNORE_CXX_SEEK  -I/include -D__HAVE_HDF5__   -I/include -DH5_USE_16_API conftest.cpp >&5
configure:6416: $? = 0
configure:6416: result: yes
configure:6416: checking for memory.h
configure:6416: /usr/local/mpich-3.2/bin/mpic++ -c -I/usr/local/mpich-3.2/include -I/usr/local/hdf5-1.10.0-alpha0/include -lmpich -lhdf5 -w -g -O2 -DMPICH_IGNORE_CXX_SEEK  -I/include -D__HAVE_HDF5__   -I/include -DH5_USE_16_API conftest.cpp >&5
configure:6416: $? = 0
configure:6416: result: yes
configure:6416: checking for strings.h
configure:6416: /usr/local/mpich-3.2/bin/mpic++ -c -I/usr/local/mpich-3.2/include -I/usr/local/hdf5-1.10.0-alpha0/include -lmpich -lhdf5 -w -g -O2 -DMPICH_IGNORE_CXX_SEEK  -I/include -D__HAVE_HDF5__   -I/include -DH5_USE_16_API conftest.cpp >&5
configure:6416: $? = 0
configure:6416: result: yes
configure:6416: checking for inttypes.h
configure:6416: /usr/local/mpich-3.2/bin/mpic++ -c -I/usr/local/mpich-3.2/include -I/usr/local/hdf5-1.10.0-alpha0/include -lmpich -lhdf5 -w -g -O2 -DMPICH_IGNORE_CXX_SEEK  -I/include -D__HAVE_HDF5__   -I/include -DH5_USE_16_API conftest.cpp >&5
configure:6416: $? = 0
configure:6416: result: yes
configure:6416: checking for stdint.h
configure:6416: /usr/local/mpich-3.2/bin/mpic++ -c -I/usr/local/mpich-3.2/include -I/usr/local/hdf5-1.10.0-alpha0/include -lmpich -lhdf5 -w -g -O2 -DMPICH_IGNORE_CXX_SEEK  -I/include -D__HAVE_HDF5__   -I/include -DH5_USE_16_API conftest.cpp >&5
configure:6416: $? = 0
configure:6416: result: yes
configure:6416: checking for unistd.h
configure:6416: /usr/local/mpich-3.2/bin/mpic++ -c -I/usr/local/mpich-3.2/include -I/usr/local/hdf5-1.10.0-alpha0/include -lmpich -lhdf5 -w -g -O2 -DMPICH_IGNORE_CXX_SEEK  -I/include -D__HAVE_HDF5__   -I/include -DH5_USE_16_API conftest.cpp >&5
configure:6416: $? = 0
configure:6416: result: yes
configure:6431: checking limits.h usability
configure:6431: /usr/local/mpich-3.2/bin/mpic++ -c -I/usr/local/mpich-3.2/include -I/usr/local/hdf5-1.10.0-alpha0/include -lmpich -lhdf5 -w -g -O2 -DMPICH_IGNORE_CXX_SEEK  -I/include -D__HAVE_HDF5__   -I/include -DH5_USE_16_API conftest.cpp >&5
configure:6431: $? = 0
configure:6431: result: yes
configure:6431: checking limits.h presence
configure:6431: /usr/local/mpich-3.2/bin/mpic++ -E   -I/include -DH5_USE_16_API conftest.cpp
configure:6431: $? = 0
configure:6431: result: yes
configure:6431: checking for limits.h
configure:6431: result: yes
configure:6431: checking malloc.h usability
configure:6431: /usr/local/mpich-3.2/bin/mpic++ -c -I/usr/local/mpich-3.2/include -I/usr/local/hdf5-1.10.0-alpha0/include -lmpich -lhdf5 -w -g -O2 -DMPICH_IGNORE_CXX_SEEK  -I/include -D__HAVE_HDF5__   -I/include -DH5_USE_16_API conftest.cpp >&5
configure:6431: $? = 0
configure:6431: result: yes
configure:6431: checking malloc.h presence
configure:6431: /usr/local/mpich-3.2/bin/mpic++ -E   -I/include -DH5_USE_16_API conftest.cpp
configure:6431: $? = 0
configure:6431: result: yes
configure:6431: checking for malloc.h
configure:6431: result: yes
configure:6431: checking for stdlib.h
configure:6431: result: yes
configure:6431: checking for string.h
configure:6431: result: yes
configure:6431: checking mpi.h usability
configure:6431: /usr/local/mpich-3.2/bin/mpic++ -c -I/usr/local/mpich-3.2/include -I/usr/local/hdf5-1.10.0-alpha0/include -lmpich -lhdf5 -w -g -O2 -DMPICH_IGNORE_CXX_SEEK  -I/include -D__HAVE_HDF5__   -I/include -DH5_USE_16_API conftest.cpp >&5
configure:6431: $? = 0
configure:6431: result: yes
configure:6431: checking mpi.h presence
configure:6431: /usr/local/mpich-3.2/bin/mpic++ -E   -I/include -DH5_USE_16_API conftest.cpp
configure:6431: $? = 0
configure:6431: result: yes
configure:6431: checking for mpi.h
configure:6431: result: yes
configure:6431: checking hdf5.h usability
configure:6431: /usr/local/mpich-3.2/bin/mpic++ -c -I/usr/local/mpich-3.2/include -I/usr/local/hdf5-1.10.0-alpha0/include -lmpich -lhdf5 -w -g -O2 -DMPICH_IGNORE_CXX_SEEK  -I/include -D__HAVE_HDF5__   -I/include -DH5_USE_16_API conftest.cpp >&5
configure:6431: $? = 0
configure:6431: result: yes
configure:6431: checking hdf5.h presence
configure:6431: /usr/local/mpich-3.2/bin/mpic++ -E   -I/include -DH5_USE_16_API conftest.cpp
conftest.cpp:32:18: fatal error: hdf5.h: No such file or directory
 #include <hdf5.h>
                  ^
compilation terminated.
configure:6431: $? = 1
configure: failed program was:
| /* confdefs.h */
| #define PACKAGE_NAME "titan"
| #define PACKAGE_TARNAME "titan"
| #define PACKAGE_VERSION "2.0.2"
| #define PACKAGE_STRING "titan 2.0.2"
| #define PACKAGE_BUGREPORT ""
| #define PACKAGE_URL ""
| #define PACKAGE "titan"
| #define VERSION "2.0.2"
| #define HAVE_LIBPTHREAD 1
| #define HAVE_LIBMPICH 1
| #define HAVE_LIBHDF5 1
| #define HAVE_LIBM 1
| #define HAVE_LIBZ 1
| #define HAVE_LIBNSL 1
| #define STDC_HEADERS 1
| #define HAVE_SYS_TYPES_H 1
| #define HAVE_SYS_STAT_H 1
| #define HAVE_STDLIB_H 1
| #define HAVE_STRING_H 1
| #define HAVE_MEMORY_H 1
| #define HAVE_STRINGS_H 1
| #define HAVE_INTTYPES_H 1
| #define HAVE_STDINT_H 1
| #define HAVE_UNISTD_H 1
| #define HAVE_LIMITS_H 1
| #define HAVE_MALLOC_H 1
| #define HAVE_STDLIB_H 1
| #define HAVE_STRING_H 1
| #define HAVE_MPI_H 1
| /* end confdefs.h.  */
| #include <hdf5.h>
configure:6431: result: no
configure:6431: WARNING: hdf5.h: accepted by the compiler, rejected by the preprocessor!
configure:6431: WARNING: hdf5.h: proceeding with the compiler's result
configure:6431: checking for hdf5.h
configure:6431: result: yes
configure:6443: checking for stdbool.h that conforms to C99
configure:6510: /usr/local/mpich-3.2/bin/mpic++ -c -I/usr/local/mpich-3.2/include -I/usr/local/hdf5-1.10.0-alpha0/include -lmpich -lhdf5 -w -g -O2 -DMPICH_IGNORE_CXX_SEEK  -I/include -D__HAVE_HDF5__   -I/include -DH5_USE_16_API conftest.cpp >&5
configure:6510: $? = 0
configure:6517: result: yes
configure:6519: checking for _Bool
configure:6519: /usr/local/mpich-3.2/bin/mpic++ -c -I/usr/local/mpich-3.2/include -I/usr/local/hdf5-1.10.0-alpha0/include -lmpich -lhdf5 -w -g -O2 -DMPICH_IGNORE_CXX_SEEK  -I/include -D__HAVE_HDF5__   -I/include -DH5_USE_16_API conftest.cpp >&5
conftest.cpp: In function 'int main()':
conftest.cpp:69:13: error: '_Bool' was not declared in this scope
 if (sizeof (_Bool))
             ^
configure:6519: $? = 1
configure: failed program was:
| /* confdefs.h */
| #define PACKAGE_NAME "titan"
| #define PACKAGE_TARNAME "titan"
| #define PACKAGE_VERSION "2.0.2"
| #define PACKAGE_STRING "titan 2.0.2"
| #define PACKAGE_BUGREPORT ""
| #define PACKAGE_URL ""
| #define PACKAGE "titan"
| #define VERSION "2.0.2"
| #define HAVE_LIBPTHREAD 1
| #define HAVE_LIBMPICH 1
| #define HAVE_LIBHDF5 1
| #define HAVE_LIBM 1
| #define HAVE_LIBZ 1
| #define HAVE_LIBNSL 1
| #define STDC_HEADERS 1
| #define HAVE_SYS_TYPES_H 1
| #define HAVE_SYS_STAT_H 1
| #define HAVE_STDLIB_H 1
| #define HAVE_STRING_H 1
| #define HAVE_MEMORY_H 1
| #define HAVE_STRINGS_H 1
| #define HAVE_INTTYPES_H 1
| #define HAVE_STDINT_H 1
| #define HAVE_UNISTD_H 1
| #define HAVE_LIMITS_H 1
| #define HAVE_MALLOC_H 1
| #define HAVE_STDLIB_H 1
| #define HAVE_STRING_H 1
| #define HAVE_MPI_H 1
| #define HAVE_HDF5_H 1
| /* end confdefs.h.  */
| #include <stdio.h>
| #ifdef HAVE_SYS_TYPES_H
| # include <sys/types.h>
| #endif
| #ifdef HAVE_SYS_STAT_H
| # include <sys/stat.h>
| #endif
| #ifdef STDC_HEADERS
| # include <stdlib.h>
| # include <stddef.h>
| #else
| # ifdef HAVE_STDLIB_H
| #  include <stdlib.h>
| # endif
| #endif
| #ifdef HAVE_STRING_H
| # if !defined STDC_HEADERS && defined HAVE_MEMORY_H
| #  include <memory.h>
| # endif
| # include <string.h>
| #endif
| #ifdef HAVE_STRINGS_H
| # include <strings.h>
| #endif
| #ifdef HAVE_INTTYPES_H
| # include <inttypes.h>
| #endif
| #ifdef HAVE_STDINT_H
| # include <stdint.h>
| #endif
| #ifdef HAVE_UNISTD_H
| # include <unistd.h>
| #endif
| int
| main ()
| {
| if (sizeof (_Bool))
| 	 return 0;
|   ;
|   return 0;
| }
configure:6519: result: no
configure:6536: checking for an ANSI C-conforming const
configure:6602: /usr/local/mpich-3.2/bin/mpic++ -c -I/usr/local/mpich-3.2/include -I/usr/local/hdf5-1.10.0-alpha0/include -lmpich -lhdf5 -w -g -O2 -DMPICH_IGNORE_CXX_SEEK  -I/include -D__HAVE_HDF5__   -I/include -DH5_USE_16_API conftest.cpp >&5
configure:6602: $? = 0
configure:6609: result: yes
configure:6617: checking for inline
configure:6633: /usr/local/mpich-3.2/bin/mpic++ -c -I/usr/local/mpich-3.2/include -I/usr/local/hdf5-1.10.0-alpha0/include -lmpich -lhdf5 -w -g -O2 -DMPICH_IGNORE_CXX_SEEK  -I/include -D__HAVE_HDF5__   -I/include -DH5_USE_16_API conftest.cpp >&5
configure:6633: $? = 0
configure:6641: result: inline
configure:6659: checking for size_t
configure:6659: /usr/local/mpich-3.2/bin/mpic++ -c -I/usr/local/mpich-3.2/include -I/usr/local/hdf5-1.10.0-alpha0/include -lmpich -lhdf5 -w -g -O2 -DMPICH_IGNORE_CXX_SEEK  -I/include -D__HAVE_HDF5__   -I/include -DH5_USE_16_API conftest.cpp >&5
configure:6659: $? = 0
configure:6659: /usr/local/mpich-3.2/bin/mpic++ -c -I/usr/local/mpich-3.2/include -I/usr/local/hdf5-1.10.0-alpha0/include -lmpich -lhdf5 -w -g -O2 -DMPICH_IGNORE_CXX_SEEK  -I/include -D__HAVE_HDF5__   -I/include -DH5_USE_16_API conftest.cpp >&5
conftest.cpp: In function 'int main()':
conftest.cpp:70:20: error: expected primary-expression before ')' token
 if (sizeof ((size_t)))
                    ^
configure:6659: $? = 1
configure: failed program was:
| /* confdefs.h */
| #define PACKAGE_NAME "titan"
| #define PACKAGE_TARNAME "titan"
| #define PACKAGE_VERSION "2.0.2"
| #define PACKAGE_STRING "titan 2.0.2"
| #define PACKAGE_BUGREPORT ""
| #define PACKAGE_URL ""
| #define PACKAGE "titan"
| #define VERSION "2.0.2"
| #define HAVE_LIBPTHREAD 1
| #define HAVE_LIBMPICH 1
| #define HAVE_LIBHDF5 1
| #define HAVE_LIBM 1
| #define HAVE_LIBZ 1
| #define HAVE_LIBNSL 1
| #define STDC_HEADERS 1
| #define HAVE_SYS_TYPES_H 1
| #define HAVE_SYS_STAT_H 1
| #define HAVE_STDLIB_H 1
| #define HAVE_STRING_H 1
| #define HAVE_MEMORY_H 1
| #define HAVE_STRINGS_H 1
| #define HAVE_INTTYPES_H 1
| #define HAVE_STDINT_H 1
| #define HAVE_UNISTD_H 1
| #define HAVE_LIMITS_H 1
| #define HAVE_MALLOC_H 1
| #define HAVE_STDLIB_H 1
| #define HAVE_STRING_H 1
| #define HAVE_MPI_H 1
| #define HAVE_HDF5_H 1
| #define HAVE_STDBOOL_H 1
| /* end confdefs.h.  */
| #include <stdio.h>
| #ifdef HAVE_SYS_TYPES_H
| # include <sys/types.h>
| #endif
| #ifdef HAVE_SYS_STAT_H
| # include <sys/stat.h>
| #endif
| #ifdef STDC_HEADERS
| # include <stdlib.h>
| # include <stddef.h>
| #else
| # ifdef HAVE_STDLIB_H
| #  include <stdlib.h>
| # endif
| #endif
| #ifdef HAVE_STRING_H
| # if !defined STDC_HEADERS && defined HAVE_MEMORY_H
| #  include <memory.h>
| # endif
| # include <string.h>
| #endif
| #ifdef HAVE_STRINGS_H
| # include <strings.h>
| #endif
| #ifdef HAVE_INTTYPES_H
| # include <inttypes.h>
| #endif
| #ifdef HAVE_STDINT_H
| # include <stdint.h>
| #endif
| #ifdef HAVE_UNISTD_H
| # include <unistd.h>
| #endif
| int
| main ()
| {
| if (sizeof ((size_t)))
| 	    return 0;
|   ;
|   return 0;
| }
configure:6659: result: yes
configure:6673: checking whether sys/types.h defines makedev
configure:6689: /usr/local/mpich-3.2/bin/mpic++ -o conftest -I/usr/local/mpich-3.2/include -I/usr/local/hdf5-1.10.0-alpha0/include -lmpich -lhdf5 -w -g -O2 -DMPICH_IGNORE_CXX_SEEK  -I/include -D__HAVE_HDF5__   -I/include -DH5_USE_16_API -L/usr/local/mpich-3.2/lib64 -L/usr/local/hdf5-1.10.0-alpha0/lib64 -L/lib conftest.cpp -lnsl -lz -lm -lhdf5 -lmpich -lpthread  >&5
configure:6689: $? = 0
configure:6698: result: yes
configure:6726: checking for floor
configure:6726: /usr/local/mpich-3.2/bin/mpic++ -o conftest -I/usr/local/mpich-3.2/include -I/usr/local/hdf5-1.10.0-alpha0/include -lmpich -lhdf5 -w -g -O2 -DMPICH_IGNORE_CXX_SEEK  -I/include -D__HAVE_HDF5__   -I/include -DH5_USE_16_API -L/usr/local/mpich-3.2/lib64 -L/usr/local/hdf5-1.10.0-alpha0/lib64 -L/lib conftest.cpp -lnsl -lz -lm -lhdf5 -lmpich -lpthread  >&5
configure:6726: $? = 0
configure:6726: result: yes
configure:6726: checking for pow
configure:6726: /usr/local/mpich-3.2/bin/mpic++ -o conftest -I/usr/local/mpich-3.2/include -I/usr/local/hdf5-1.10.0-alpha0/include -lmpich -lhdf5 -w -g -O2 -DMPICH_IGNORE_CXX_SEEK  -I/include -D__HAVE_HDF5__   -I/include -DH5_USE_16_API -L/usr/local/mpich-3.2/lib64 -L/usr/local/hdf5-1.10.0-alpha0/lib64 -L/lib conftest.cpp -lnsl -lz -lm -lhdf5 -lmpich -lpthread  >&5
configure:6726: $? = 0
configure:6726: result: yes
configure:6726: checking for sqrt
configure:6726: /usr/local/mpich-3.2/bin/mpic++ -o conftest -I/usr/local/mpich-3.2/include -I/usr/local/hdf5-1.10.0-alpha0/include -lmpich -lhdf5 -w -g -O2 -DMPICH_IGNORE_CXX_SEEK  -I/include -D__HAVE_HDF5__   -I/include -DH5_USE_16_API -L/usr/local/mpich-3.2/lib64 -L/usr/local/hdf5-1.10.0-alpha0/lib64 -L/lib conftest.cpp -lnsl -lz -lm -lhdf5 -lmpich -lpthread  >&5
configure:6726: $? = 0
configure:6726: result: yes
configure:6726: checking for strchr
configure:6726: /usr/local/mpich-3.2/bin/mpic++ -o conftest -I/usr/local/mpich-3.2/include -I/usr/local/hdf5-1.10.0-alpha0/include -lmpich -lhdf5 -w -g -O2 -DMPICH_IGNORE_CXX_SEEK  -I/include -D__HAVE_HDF5__   -I/include -DH5_USE_16_API -L/usr/local/mpich-3.2/lib64 -L/usr/local/hdf5-1.10.0-alpha0/lib64 -L/lib conftest.cpp -lnsl -lz -lm -lhdf5 -lmpich -lpthread  >&5
configure:6726: $? = 0
configure:6726: result: yes
configure:6726: checking for strdup
configure:6726: /usr/local/mpich-3.2/bin/mpic++ -o conftest -I/usr/local/mpich-3.2/include -I/usr/local/hdf5-1.10.0-alpha0/include -lmpich -lhdf5 -w -g -O2 -DMPICH_IGNORE_CXX_SEEK  -I/include -D__HAVE_HDF5__   -I/include -DH5_USE_16_API -L/usr/local/mpich-3.2/lib64 -L/usr/local/hdf5-1.10.0-alpha0/lib64 -L/lib conftest.cpp -lnsl -lz -lm -lhdf5 -lmpich -lpthread  >&5
configure:6726: $? = 0
configure:6726: result: yes
configure:6864: creating ./config.status

## ---------------------- ##
## Running config.status. ##
## ---------------------- ##

This file was extended by titan config.status 2.0.2, which was
generated by GNU Autoconf 2.69.  Invocation command line was

  CONFIG_FILES    = 
  CONFIG_HEADERS  = 
  CONFIG_LINKS    = 
  CONFIG_COMMANDS = 
  $ ./config.status 

on akane

config.status:910: creating Makefile
config.status:910: creating doc/Makefile
config.status:910: creating scripts/Makefile
config.status:910: creating src/Makefile
config.status:910: creating src/adapt/Makefile
config.status:910: creating src/datstr/Makefile
config.status:910: creating src/geoflow/Makefile
config.status:910: creating src/gisapi/Makefile
config.status:910: creating src/header/Makefile
config.status:910: creating src/main/Makefile
config.status:910: creating src/preproc/Makefile
config.status:910: creating src/repartition/Makefile
config.status:910: creating src/stochastic/Makefile
config.status:910: creating src/tecplot/Makefile
config.status:910: creating src/useful/Makefile
config.status:910: creating src/vectordatapreproc/Makefile
config.status:910: creating config.h
config.status:1139: executing depfiles commands

## ---------------- ##
## Cache variables. ##
## ---------------- ##

ac_cv_build=x86_64-unknown-linux-gnu
ac_cv_c_compiler_gnu=yes
ac_cv_c_const=yes
ac_cv_c_inline=inline
ac_cv_cxx_compiler_gnu=yes
ac_cv_env_CCC_set=
ac_cv_env_CCC_value=
ac_cv_env_CC_set=set
ac_cv_env_CC_value=/usr/local/mpich-3.2/bin/mpicc
ac_cv_env_CFLAGS_set=set
ac_cv_env_CFLAGS_value='-I/usr/local/mpich-3.2/include -I/usr/local/hdf5-1.10.0-alpha0/include -lmpich -lhdf5'
ac_cv_env_CPPFLAGS_set=
ac_cv_env_CPPFLAGS_value=
ac_cv_env_CPP_set=
ac_cv_env_CPP_value=
ac_cv_env_CXXCPP_set=
ac_cv_env_CXXCPP_value=
ac_cv_env_CXXFLAGS_set=set
ac_cv_env_CXXFLAGS_value='-I/usr/local/mpich-3.2/include -I/usr/local/hdf5-1.10.0-alpha0/include -lmpich -lhdf5'
ac_cv_env_CXX_set=set
ac_cv_env_CXX_value=/usr/local/mpich-3.2/bin/mpic++
ac_cv_env_F77_set=
ac_cv_env_F77_value=
ac_cv_env_FFLAGS_set=
ac_cv_env_FFLAGS_value=
ac_cv_env_LDFLAGS_set=set
ac_cv_env_LDFLAGS_value='-L/usr/local/mpich-3.2/lib64 -L/usr/local/hdf5-1.10.0-alpha0/lib64'
ac_cv_env_LIBS_set=
ac_cv_env_LIBS_value=
ac_cv_env_build_alias_set=
ac_cv_env_build_alias_value=
ac_cv_env_host_alias_set=
ac_cv_env_host_alias_value=
ac_cv_env_target_alias_set=
ac_cv_env_target_alias_value=
ac_cv_f77_compiler_gnu=yes
ac_cv_f77_libs=' -L/usr/local/mpich-3.2/lib64 -L/usr/local/hdf5-1.10.0-alpha0/lib64 -L/usr/lib64/gcc/x86_64-suse-linux/4.8 -L/usr/lib64/gcc/x86_64-suse-linux/4.8/../../../../lib64 -L/lib/../lib64 -L/usr/lib/../lib64 -L/usr/lib64/gcc/x86_64-suse-linux/4.8/../../../../x86_64-suse-linux/lib -L/usr/lib64/gcc/x86_64-suse-linux/4.8/../../.. -lgfortran -lm -lquadmath'
ac_cv_func_floor=yes
ac_cv_func_pow=yes
ac_cv_func_sqrt=yes
ac_cv_func_strchr=yes
ac_cv_func_strdup=yes
ac_cv_header_hdf5_h=yes
ac_cv_header_inttypes_h=yes
ac_cv_header_limits_h=yes
ac_cv_header_malloc_h=yes
ac_cv_header_memory_h=yes
ac_cv_header_mpi_h=yes
ac_cv_header_stdbool_h=yes
ac_cv_header_stdc=yes
ac_cv_header_stdint_h=yes
ac_cv_header_stdlib_h=yes
ac_cv_header_string_h=yes
ac_cv_header_strings_h=yes
ac_cv_header_sys_stat_h=yes
ac_cv_header_sys_types_h=yes
ac_cv_header_sys_types_h_makedev=yes
ac_cv_header_unistd_h=yes
ac_cv_host=x86_64-unknown-linux-gnu
ac_cv_lib_gis_G_gisinit=no
ac_cv_lib_hdf5_H5open=yes
ac_cv_lib_m_matherr=yes
ac_cv_lib_mpich_MPI_Init=yes
ac_cv_lib_nsl_inet_ntoa=yes
ac_cv_lib_pthread_pthread_create=yes
ac_cv_lib_z_gzdopen=yes
ac_cv_objext=o
ac_cv_path_EGREP='/usr/bin/grep -E'
ac_cv_path_GREP=/usr/bin/grep
ac_cv_path_PYTHON=/usr/bin/python
ac_cv_path_install='/usr/bin/install -c'
ac_cv_path_mkdir=/usr/bin/mkdir
ac_cv_prog_AWK=gawk
ac_cv_prog_CPP='/usr/local/mpich-3.2/bin/mpicc -E'
ac_cv_prog_CXXCPP='/usr/local/mpich-3.2/bin/mpic++ -E'
ac_cv_prog_ac_ct_CC=/usr/local/mpich-3.2/bin/mpicc
ac_cv_prog_ac_ct_F77=gfortran
ac_cv_prog_ac_ct_RANLIB=ranlib
ac_cv_prog_cc_c89=
ac_cv_prog_cc_g=yes
ac_cv_prog_cxx_g=yes
ac_cv_prog_f77_g=yes
ac_cv_prog_f77_v=-v
ac_cv_prog_make_make_set=yes
ac_cv_sys_file_offset_bits=no
ac_cv_sys_largefile_CC=no
ac_cv_type__Bool=no
ac_cv_type_size_t=yes
am_cv_CC_dependencies_compiler_type=gcc3
am_cv_CXX_dependencies_compiler_type=gcc3
am_cv_pathless_PYTHON=python
am_cv_python_platform=linux2
am_cv_python_pyexecdir='${exec_prefix}/lib64/python2.7/site-packages'
am_cv_python_pythondir='${prefix}/lib/python2.7/site-packages'
am_cv_python_version=2.7

## ----------------- ##
## Output variables. ##
## ----------------- ##

ACLOCAL='${SHELL} /home/ferrmi/UNAM-2015/titan-2.0.2-1/missing --run aclocal-1.10'
AMDEPBACKSLASH='\'
AMDEP_FALSE='#'
AMDEP_TRUE=''
AMTAR='${SHELL} /home/ferrmi/UNAM-2015/titan-2.0.2-1/missing --run tar'
AUTOCONF='${SHELL} /home/ferrmi/UNAM-2015/titan-2.0.2-1/missing --run autoconf'
AUTOHEADER='${SHELL} /home/ferrmi/UNAM-2015/titan-2.0.2-1/missing --run autoheader'
AUTOMAKE='${SHELL} /home/ferrmi/UNAM-2015/titan-2.0.2-1/missing --run automake-1.10'
AWK='gawk'
CC='/usr/local/mpich-3.2/bin/mpicc'
CCDEPMODE='depmode=gcc3'
CFLAGS='-I/usr/local/mpich-3.2/include -I/usr/local/hdf5-1.10.0-alpha0/include -lmpich -lhdf5 -w -g -O2 -I/include -D__HAVE_HDF5__'
CPP='/usr/local/mpich-3.2/bin/mpicc -E'
CPPFLAGS='  -I/include -DH5_USE_16_API'
CXX='/usr/local/mpich-3.2/bin/mpic++'
CXXCPP='/usr/local/mpich-3.2/bin/mpic++ -E'
CXXDEPMODE='depmode=gcc3'
CXXFLAGS='-I/usr/local/mpich-3.2/include -I/usr/local/hdf5-1.10.0-alpha0/include -lmpich -lhdf5 -w -g -O2 -DMPICH_IGNORE_CXX_SEEK  -I/include -D__HAVE_HDF5__'
CYGPATH_W='echo'
DEFS='-DHAVE_CONFIG_H'
DEPDIR='.deps'
ECHO_C=''
ECHO_N='-n'
ECHO_T=''
EGREP='/usr/bin/grep -E'
EXEEXT=''
F77='gfortran'
FFLAGS='-g -O2'
FLIBS=' -L/usr/local/mpich-3.2/lib64 -L/usr/local/hdf5-1.10.0-alpha0/lib64 -L/usr/lib64/gcc/x86_64-suse-linux/4.8 -L/usr/lib64/gcc/x86_64-suse-linux/4.8/../../../../lib64 -L/lib/../lib64 -L/usr/lib/../lib64 -L/usr/lib64/gcc/x86_64-suse-linux/4.8/../../../../x86_64-suse-linux/lib -L/usr/lib64/gcc/x86_64-suse-linux/4.8/../../.. -lgfortran -lm -lquadmath'
GREP='/usr/bin/grep'
INSTALL_DATA='${INSTALL} -m 644'
INSTALL_PROGRAM='${INSTALL}'
INSTALL_SCRIPT='${INSTALL}'
INSTALL_STRIP_PROGRAM='$(install_sh) -c -s'
LDFLAGS='-L/usr/local/mpich-3.2/lib64 -L/usr/local/hdf5-1.10.0-alpha0/lib64 -L/lib'
LIBOBJS=''
LIBS='-lnsl -lz -lm -lhdf5 -lmpich -lpthread '
LN_S='ln -s'
LTLIBOBJS=''
MAKEINFO='${SHELL} /home/ferrmi/UNAM-2015/titan-2.0.2-1/missing --run makeinfo'
MKDIR_P='/usr/bin/mkdir -p'
OBJEXT='o'
PACKAGE='titan'
PACKAGE_BUGREPORT=''
PACKAGE_NAME='titan'
PACKAGE_STRING='titan 2.0.2'
PACKAGE_TARNAME='titan'
PACKAGE_URL=''
PACKAGE_VERSION='2.0.2'
PATH_SEPARATOR=':'
PYTHON='/usr/bin/python'
PYTHON_EXEC_PREFIX='${exec_prefix}'
PYTHON_PLATFORM='linux2'
PYTHON_PREFIX='${prefix}'
PYTHON_VERSION='2.7'
RANLIB='ranlib'
SET_MAKE=''
SHELL='/bin/sh'
STRIP=''
VERSION='2.0.2'
ac_ct_CC='/usr/local/mpich-3.2/bin/mpicc'
ac_ct_CXX=''
ac_ct_F77='gfortran'
am__fastdepCC_FALSE='#'
am__fastdepCC_TRUE=''
am__fastdepCXX_FALSE='#'
am__fastdepCXX_TRUE=''
am__include='include'
am__isrc=''
am__leading_dot='.'
am__quote=''
am__tar='${AMTAR} chof - "$$tardir"'
am__untar='${AMTAR} xf -'
bindir='${exec_prefix}/bin'
build='x86_64-unknown-linux-gnu'
build_alias=''
build_cpu='x86_64'
build_os='linux-gnu'
build_vendor='unknown'
datadir='${datarootdir}'
datarootdir='${prefix}/share'
docdir='${datarootdir}/doc/${PACKAGE_TARNAME}'
dvidir='${docdir}'
exec_prefix='${prefix}'
host='x86_64-unknown-linux-gnu'
host_alias=''
host_cpu='x86_64'
host_os='linux-gnu'
host_vendor='unknown'
htmldir='${docdir}'
includedir='${prefix}/include'
infodir='${datarootdir}/info'
install_sh='$(SHELL) /home/ferrmi/UNAM-2015/titan-2.0.2-1/install-sh'
libdir='${exec_prefix}/lib64'
libexecdir='${exec_prefix}/lib'
localedir='${datarootdir}/locale'
localstatedir='${prefix}/var'
mandir='${datarootdir}/man'
mkdir_p='/usr/bin/mkdir -p'
oldincludedir='/usr/include'
pdfdir='${docdir}'
pkgpyexecdir='${pyexecdir}/titan'
pkgpythondir='${pythondir}/titan'
prefix='/usr/local/titan-2.0.2'
program_transform_name='s,x,x,'
psdir='${docdir}'
pyexecdir='${exec_prefix}/lib64/python2.7/site-packages'
pythondir='${prefix}/lib/python2.7/site-packages'
sbindir='${exec_prefix}/sbin'
sharedstatedir='${prefix}/com'
sysconfdir='${prefix}/etc'
target_alias=''

## ----------- ##
## confdefs.h. ##
## ----------- ##

/* confdefs.h */
#define PACKAGE_NAME "titan"
#define PACKAGE_TARNAME "titan"
#define PACKAGE_VERSION "2.0.2"
#define PACKAGE_STRING "titan 2.0.2"
#define PACKAGE_BUGREPORT ""
#define PACKAGE_URL ""
#define PACKAGE "titan"
#define VERSION "2.0.2"
#define HAVE_LIBPTHREAD 1
#define HAVE_LIBMPICH 1
#define HAVE_LIBHDF5 1
#define HAVE_LIBM 1
#define HAVE_LIBZ 1
#define HAVE_LIBNSL 1
#define STDC_HEADERS 1
#define HAVE_SYS_TYPES_H 1
#define HAVE_SYS_STAT_H 1
#define HAVE_STDLIB_H 1
#define HAVE_STRING_H 1
#define HAVE_MEMORY_H 1
#define HAVE_STRINGS_H 1
#define HAVE_INTTYPES_H 1
#define HAVE_STDINT_H 1
#define HAVE_UNISTD_H 1
#define HAVE_LIMITS_H 1
#define HAVE_MALLOC_H 1
#define HAVE_STDLIB_H 1
#define HAVE_STRING_H 1
#define HAVE_MPI_H 1
#define HAVE_HDF5_H 1
#define HAVE_STDBOOL_H 1
#define HAVE_FLOOR 1
#define HAVE_POW 1
#define HAVE_SQRT 1
#define HAVE_STRCHR 1
#define HAVE_STRDUP 1

configure: exit 0
